<?xml version="1.0" encoding="UTF-8"?>
<!-- Generated by org.testng.reporters.JUnitReportReporter -->
<testsuite hostname="SFSI-STEPHEN" failures="0" tests="1" name="mars.marsapi" time="2.286" errors="0" timestamp="2024-07-08T13:04:54 PDT" skipped="0">
  <testcase classname="mars.marsapi" name="bearertoken" time="2.286"/>
  <system-out/>
</testsuite> <!-- mars.marsapi -->
