<?xml version="1.0" encoding="UTF-8"?>
<!-- Generated by org.testng.reporters.JUnitReportReporter -->
<testsuite hostname="SFSI-STEPHEN" failures="0" tests="1" name="apiqa.testauto.test.putreqpojo" time="5.399" errors="0" timestamp="2024-06-20T02:09:27 PDT" skipped="0">
  <testcase classname="apiqa.testauto.test.putreqpojo" name="pojoreq" time="5.399"/>
  <system-out/>
</testsuite> <!-- apiqa.testauto.test.putreqpojo -->
