<?xml version="1.0" encoding="UTF-8"?>
<!-- Generated by org.testng.reporters.JUnitReportReporter -->
<testsuite hostname="SFSI-STEPHEN" failures="0" tests="1" name="apiqa.testauto.test.getapirequest" time="2.919" errors="0" timestamp="2024-06-18T05:49:14 PDT" skipped="0">
  <testcase classname="apiqa.testauto.test.getapirequest" name="getallbookingid" time="2.919"/>
  <system-out/>
</testsuite> <!-- apiqa.testauto.test.getapirequest -->
