<?xml version="1.0" encoding="UTF-8"?>
<!-- Generated by org.testng.reporters.JUnitReportReporter -->
<testsuite hostname="SFSI-STEPHEN" failures="0" tests="1" name="apiqa.testauto.test.postreqfromfile" time="3.067" errors="0" timestamp="2024-06-19T03:13:40 PDT" skipped="0">
  <testcase classname="apiqa.testauto.test.postreqfromfile" name="postapireq" time="3.067"/>
  <system-out/>
</testsuite> <!-- apiqa.testauto.test.postreqfromfile -->
