<?xml version="1.0" encoding="UTF-8"?>
<!-- Generated by org.testng.reporters.JUnitReportReporter -->
<testsuite hostname="SFSI-STEPHEN" failures="0" tests="1" name="trello.trellopost" time="5.461" errors="0" timestamp="2024-06-20T11:33:32 PDT" skipped="0">
  <testcase classname="trello.trellopost" name="trellopostapi" time="5.461"/>
  <system-out/>
</testsuite> <!-- trello.trellopost -->
